#
# There is insufficient memory for the Java Runtime Environment to continue.
# Native memory allocation (malloc) failed to allocate 32744 bytes for ChunkPool::allocate
# Possible reasons:
#   The system is out of physical RAM or swap space
#   The process is running with CompressedOops enabled, and the Java Heap may be blocking the growth of the native heap
# Possible solutions:
#   Reduce memory load on the system
#   Increase physical memory or swap space
#   Check if swap backing store is full
#   Decrease Java heap size (-Xmx/-Xms)
#   Decrease number of Java threads
#   Decrease Java thread stack sizes (-Xss)
#   Set larger code cache with -XX:ReservedCodeCacheSize=
#   JVM is running with Unscaled Compressed Oops mode in which the Java heap is
#     placed in the first 4GB address space. The Java Heap base address is the
#     maximum limit for the native heap growth. Please use -XX:HeapBaseMinAddress
#     to set the Java Heap base and to place the Java Heap above 4GB virtual address.
# This output file may be truncated or incomplete.
#
#  Out of Memory Error (arena.cpp:79), pid=7204, tid=14004
#
# JRE version: OpenJDK Runtime Environment (17.0.10) (build 17.0.10+0--11572160)
# Java VM: OpenJDK 64-Bit Server VM (17.0.10+0--11572160, mixed mode, tiered, compressed oops, compressed class ptrs, g1 gc, windows-amd64)
# No core dump will be written. Minidumps are not enabled by default on client versions of Windows
#

---------------  S U M M A R Y ------------

Command Line: --add-opens=java.base/java.util=ALL-UNNAMED --add-opens=java.base/java.lang=ALL-UNNAMED --add-opens=java.base/java.lang.invoke=ALL-UNNAMED --add-opens=java.prefs/java.util.prefs=ALL-UNNAMED --add-opens=java.base/java.nio.charset=ALL-UNNAMED --add-opens=java.base/java.net=ALL-UNNAMED --add-opens=java.base/java.util.concurrent.atomic=ALL-UNNAMED -Xmx2048m -Dfile.encoding=UTF-8 -Duser.country=SV -Duser.language=es -Duser.variant -javaagent:C:\Users\MINEDUCYT\.gradle\wrapper\dists\gradle-8.6-bin\afr5mpiioh2wthjmwnkmdsd5w\gradle-8.6\lib\agents\gradle-instrumentation-agent-8.6.jar org.gradle.launcher.daemon.bootstrap.GradleDaemon 8.6

Host: Intel(R) Celeron(R) N5100 @ 1.10GHz, 4 cores, 3G,  Windows 11 , 64 bit Build 22000 (10.0.22000.1335)
Time: Fri May 10 07:42:23 2024 Hora estándar, América Central elapsed time: 96.056976 seconds (0d 0h 1m 36s)

---------------  T H R E A D  ---------------

Current thread (0x000001f6cc848af0):  JavaThread "C2 CompilerThread0" daemon [_thread_in_native, id=14004, stack(0x0000009991300000,0x0000009991400000)]


Current CompileTask:
C2:  96057 3294   !   4       jdk.internal.loader.URLClassPath$JarLoader::getResource (354 bytes)

Stack: [0x0000009991300000,0x0000009991400000]
Native frames: (J=compiled Java code, j=interpreted, Vv=VM code, C=native code)
V  [jvm.dll+0x688e89]
V  [jvm.dll+0x84247a]
V  [jvm.dll+0x8440be]
V  [jvm.dll+0x844723]
V  [jvm.dll+0x24be0f]
V  [jvm.dll+0xac721]
V  [jvm.dll+0xacb6c]
V  [jvm.dll+0x3690f6]
V  [jvm.dll+0x368aa7]
V  [jvm.dll+0x2d8569]
V  [jvm.dll+0x64e267]
V  [jvm.dll+0x113a0c]
V  [jvm.dll+0x346126]
V  [jvm.dll+0x6a49a6]
V  [jvm.dll+0x6a3cf2]
V  [jvm.dll+0x69f1bd]
V  [jvm.dll+0x69928b]
V  [jvm.dll+0x6988c7]
V  [jvm.dll+0x6967b2]
V  [jvm.dll+0x1a930c]
V  [jvm.dll+0x1a9ed6]
V  [jvm.dll+0x2b2644]
V  [jvm.dll+0x6a12c5]
V  [jvm.dll+0x69928b]
V  [jvm.dll+0x6988c7]
V  [jvm.dll+0x6967b2]
V  [jvm.dll+0x1a930c]
V  [jvm.dll+0x1a9ed6]
V  [jvm.dll+0x2b2644]
V  [jvm.dll+0x6a12c5]
V  [jvm.dll+0x69928b]
V  [jvm.dll+0x6988c7]
V  [jvm.dll+0x6967b2]
V  [jvm.dll+0x1a930c]
V  [jvm.dll+0x1a9ed6]
V  [jvm.dll+0x2b2644]
V  [jvm.dll+0x6a12c5]
V  [jvm.dll+0x69928b]
V  [jvm.dll+0x6988c7]
V  [jvm.dll+0x6967b2]
V  [jvm.dll+0x1a930c]
V  [jvm.dll+0x1a9ed6]
V  [jvm.dll+0x1a9ed6]
V  [jvm.dll+0x2b2644]
V  [jvm.dll+0x6a12c5]
V  [jvm.dll+0x69928b]
V  [jvm.dll+0x6988c7]
V  [jvm.dll+0x6967b2]
V  [jvm.dll+0x1a930c]
V  [jvm.dll+0x1a9ed6]
V  [jvm.dll+0x1a9ed6]
V  [jvm.dll+0x2b2644]
V  [jvm.dll+0x6a12c5]
V  [jvm.dll+0x69928b]
V  [jvm.dll+0x6988c7]
V  [jvm.dll+0x6967b2]
V  [jvm.dll+0x1a930c]
V  [jvm.dll+0x21ca78]
V  [jvm.dll+0x1a60ad]
V  [jvm.dll+0x22cd78]
V  [jvm.dll+0x22aeb0]
V  [jvm.dll+0x7f6917]
V  [jvm.dll+0x7f0d1a]
V  [jvm.dll+0x687d05]
C  [ucrtbase.dll+0x26c0c]
C  [KERNEL32.DLL+0x155a0]
C  [ntdll.dll+0x485b]


---------------  P R O C E S S  ---------------

Threads class SMR info:
_java_thread_list=0x000001f6d1a75890, length=32, elements={
0x000001f6b3249db0, 0x000001f6cc7e4900, 0x000001f6cc7e5b70, 0x000001f6cc840280,
0x000001f6cc842b60, 0x000001f6cc843430, 0x000001f6cc847e00, 0x000001f6cc848af0,
0x000001f6cc8495a0, 0x000001f6ccb05730, 0x000001f6ccb94140, 0x000001f6ccd59930,
0x000001f6d37a0890, 0x000001f6d3690010, 0x000001f6d28e6050, 0x000001f6d239c010,
0x000001f6d239f190, 0x000001f6d11d9860, 0x000001f6d11d9d70, 0x000001f6d11daca0,
0x000001f6d11dc5f0, 0x000001f6d11db1b0, 0x000001f6d11da280, 0x000001f6d11dcb00,
0x000001f6d1250c20, 0x000001f6d1250710, 0x000001f6d1251640, 0x000001f6d12548e0,
0x000001f6d1251130, 0x000001f6d1254df0, 0x000001f6d1252570, 0x000001f6d1252a80
}

Java Threads: ( => current thread )
  0x000001f6b3249db0 JavaThread "main" [_thread_blocked, id=17284, stack(0x0000009990600000,0x0000009990700000)]
  0x000001f6cc7e4900 JavaThread "Reference Handler" daemon [_thread_blocked, id=11156, stack(0x0000009990d00000,0x0000009990e00000)]
  0x000001f6cc7e5b70 JavaThread "Finalizer" daemon [_thread_blocked, id=17252, stack(0x0000009990e00000,0x0000009990f00000)]
  0x000001f6cc840280 JavaThread "Signal Dispatcher" daemon [_thread_blocked, id=18560, stack(0x0000009990f00000,0x0000009991000000)]
  0x000001f6cc842b60 JavaThread "Attach Listener" daemon [_thread_blocked, id=14468, stack(0x0000009991000000,0x0000009991100000)]
  0x000001f6cc843430 JavaThread "Service Thread" daemon [_thread_blocked, id=15064, stack(0x0000009991100000,0x0000009991200000)]
  0x000001f6cc847e00 JavaThread "Monitor Deflation Thread" daemon [_thread_blocked, id=15116, stack(0x0000009991200000,0x0000009991300000)]
=>0x000001f6cc848af0 JavaThread "C2 CompilerThread0" daemon [_thread_in_native, id=14004, stack(0x0000009991300000,0x0000009991400000)]
  0x000001f6cc8495a0 JavaThread "C1 CompilerThread0" daemon [_thread_blocked, id=5556, stack(0x0000009991400000,0x0000009991500000)]
  0x000001f6ccb05730 JavaThread "Sweeper thread" daemon [_thread_blocked, id=17932, stack(0x0000009991500000,0x0000009991600000)]
  0x000001f6ccb94140 JavaThread "Common-Cleaner" daemon [_thread_blocked, id=8756, stack(0x0000009991600000,0x0000009991700000)]
  0x000001f6ccd59930 JavaThread "Notification Thread" daemon [_thread_blocked, id=18640, stack(0x0000009991700000,0x0000009991800000)]
  0x000001f6d37a0890 JavaThread "Daemon health stats" [_thread_blocked, id=772, stack(0x0000009991c00000,0x0000009991d00000)]
  0x000001f6d3690010 JavaThread "Incoming local TCP Connector on port 53790" [_thread_in_native, id=19912, stack(0x0000009991d00000,0x0000009991e00000)]
  0x000001f6d28e6050 JavaThread "Daemon periodic checks" [_thread_blocked, id=4764, stack(0x0000009991e00000,0x0000009991f00000)]
  0x000001f6d239c010 JavaThread "Daemon" [_thread_blocked, id=19916, stack(0x0000009991f00000,0x0000009992000000)]
  0x000001f6d239f190 JavaThread "Handler for socket connection from /127.0.0.1:53790 to /127.0.0.1:53792" [_thread_in_native, id=9960, stack(0x0000009992000000,0x0000009992100000)]
  0x000001f6d11d9860 JavaThread "Cancel handler" [_thread_blocked, id=504, stack(0x0000009992100000,0x0000009992200000)]
  0x000001f6d11d9d70 JavaThread "Daemon worker" [_thread_in_vm, id=14812, stack(0x0000009992200000,0x0000009992300000)]
  0x000001f6d11daca0 JavaThread "Asynchronous log dispatcher for DefaultDaemonConnection: socket connection from /127.0.0.1:53790 to /127.0.0.1:53792" [_thread_blocked, id=2408, stack(0x0000009992300000,0x0000009992400000)]
  0x000001f6d11dc5f0 JavaThread "Stdin handler" [_thread_blocked, id=14164, stack(0x0000009992400000,0x0000009992500000)]
  0x000001f6d11db1b0 JavaThread "Daemon client event forwarder" [_thread_blocked, id=16748, stack(0x0000009992500000,0x0000009992600000)]
  0x000001f6d11da280 JavaThread "Cache worker for journal cache (C:\Users\MINEDUCYT\.gradle\caches\journal-1)" [_thread_blocked, id=3032, stack(0x0000009992600000,0x0000009992700000)]
  0x000001f6d11dcb00 JavaThread "File lock request listener" [_thread_in_native, id=8108, stack(0x0000009992700000,0x0000009992800000)]
  0x000001f6d1250c20 JavaThread "Cache worker for file hash cache (C:\Users\MINEDUCYT\.gradle\caches\8.6\fileHashes)" [_thread_blocked, id=18244, stack(0x0000009992800000,0x0000009992900000)]
  0x000001f6d1250710 JavaThread "File watcher server" daemon [_thread_in_native, id=3656, stack(0x0000009992900000,0x0000009992a00000)]
  0x000001f6d1251640 JavaThread "File watcher consumer" daemon [_thread_blocked, id=5696, stack(0x0000009992a00000,0x0000009992b00000)]
  0x000001f6d12548e0 JavaThread "Cache worker for checksums cache (C:\Users\MINEDUCYT\AndroidStudioProjects\AppMarvin\.gradle\8.6\checksums)" [_thread_blocked, id=14432, stack(0x0000009992b00000,0x0000009992c00000)]
  0x000001f6d1251130 JavaThread "Cache worker for file hash cache (C:\Users\MINEDUCYT\AndroidStudioProjects\AppMarvin\.gradle\8.6\fileHashes)" [_thread_blocked, id=7092, stack(0x0000009990300000,0x0000009990400000)]
  0x000001f6d1254df0 JavaThread "Cache worker for cache directory md-supplier (C:\Users\MINEDUCYT\.gradle\caches\8.6\md-supplier)" [_thread_blocked, id=17392, stack(0x0000009992c00000,0x0000009992d00000)]
  0x000001f6d1252570 JavaThread "Cache worker for cache directory md-rule (C:\Users\MINEDUCYT\.gradle\caches\8.6\md-rule)" [_thread_blocked, id=16612, stack(0x0000009992d00000,0x0000009992e00000)]
  0x000001f6d1252a80 JavaThread "Cache worker for file content cache (C:\Users\MINEDUCYT\.gradle\caches\8.6\fileContent)" [_thread_blocked, id=14940, stack(0x0000009992e00000,0x0000009992f00000)]

Other Threads:
  0x000001f6cc79d3e0 VMThread "VM Thread" [stack: 0x0000009990c00000,0x0000009990d00000] [id=20096]
  0x000001f6ccd392d0 WatcherThread [stack: 0x0000009991800000,0x0000009991900000] [id=1284]
  0x000001f6b32abb90 GCTaskThread "GC Thread#0" [stack: 0x0000009990700000,0x0000009990800000] [id=3960]
  0x000001f6d1318090 GCTaskThread "GC Thread#1" [stack: 0x0000009991900000,0x0000009991a00000] [id=3856]
  0x000001f6d11b8ab0 GCTaskThread "GC Thread#2" [stack: 0x0000009991a00000,0x0000009991b00000] [id=3936]
  0x000001f6d1417de0 GCTaskThread "GC Thread#3" [stack: 0x0000009991b00000,0x0000009991c00000] [id=14124]
  0x000001f6b32bcae0 ConcurrentGCThread "G1 Main Marker" [stack: 0x0000009990800000,0x0000009990900000] [id=19800]
  0x000001f6b32bd660 ConcurrentGCThread "G1 Conc#0" [stack: 0x0000009990900000,0x0000009990a00000] [id=14340]
  0x000001f6b32f8970 ConcurrentGCThread "G1 Refine#0" [stack: 0x0000009990a00000,0x0000009990b00000] [id=16024]
  0x000001f6b32f9500 ConcurrentGCThread "G1 Service" [stack: 0x0000009990b00000,0x0000009990c00000] [id=3120]

Threads with active compile tasks:
C2 CompilerThread0    96684 3294   !   4       jdk.internal.loader.URLClassPath$JarLoader::getResource (354 bytes)

VM state: not at safepoint (normal execution)

VM Mutex/Monitor currently owned by a thread: None

Heap address: 0x0000000080000000, size: 2048 MB, Compressed Oops mode: 32-bit

CDS archive(s) not mapped
Compressed class space mapped at: 0x0000000100000000-0x0000000140000000, reserved size: 1073741824
Narrow klass base: 0x0000000000000000, Narrow klass shift: 3, Narrow klass range: 0x140000000

GC Precious Log:
 CPUs: 4 total, 4 available
 Memory: 3911M
 Large Page Support: Disabled
 NUMA Support: Disabled
 Compressed Oops: Enabled (32-bit)
 Heap Region Size: 1M
 Heap Min Capacity: 8M
 Heap Initial Capacity: 62M
 Heap Max Capacity: 2G
 Pre-touch: Disabled
 Parallel Workers: 4
 Concurrent Workers: 1
 Concurrent Refinement Workers: 4
 Periodic GC: Disabled

Heap:
 garbage-first heap   total 63488K, used 41485K [0x0000000080000000, 0x0000000100000000)
  region size 1024K, 21 young (21504K), 2 survivors (2048K)
 Metaspace       used 40470K, committed 40832K, reserved 1114112K
  class space    used 5387K, committed 5568K, reserved 1048576K

Heap Regions: E=young(eden), S=young(survivor), O=old, HS=humongous(starts), HC=humongous(continues), CS=collection set, F=free, OA=open archive, CA=closed archive, TAMS=top-at-mark-start (previous, next)
|   0|0x0000000080000000, 0x0000000080100000, 0x0000000080100000|100%| O|  |TAMS 0x0000000080100000, 0x0000000080000000| Untracked 
|   1|0x0000000080100000, 0x0000000080200000, 0x0000000080200000|100%| O|  |TAMS 0x0000000080200000, 0x0000000080100000| Untracked 
|   2|0x0000000080200000, 0x0000000080300000, 0x0000000080300000|100%|HS|  |TAMS 0x0000000080300000, 0x0000000080200000| Complete 
|   3|0x0000000080300000, 0x0000000080400000, 0x0000000080400000|100%|HC|  |TAMS 0x0000000080400000, 0x0000000080300000| Complete 
|   4|0x0000000080400000, 0x0000000080500000, 0x0000000080500000|100%|HC|  |TAMS 0x0000000080500000, 0x0000000080400000| Complete 
|   5|0x0000000080500000, 0x0000000080600000, 0x0000000080600000|100%|HC|  |TAMS 0x0000000080600000, 0x0000000080500000| Complete 
|   6|0x0000000080600000, 0x0000000080700000, 0x0000000080700000|100%| O|  |TAMS 0x0000000080700000, 0x0000000080600000| Untracked 
|   7|0x0000000080700000, 0x0000000080800000, 0x0000000080800000|100%| O|  |TAMS 0x0000000080800000, 0x0000000080700000| Untracked 
|   8|0x0000000080800000, 0x0000000080900000, 0x0000000080900000|100%| O|  |TAMS 0x0000000080900000, 0x0000000080800000| Untracked 
|   9|0x0000000080900000, 0x0000000080a00000, 0x0000000080a00000|100%| O|  |TAMS 0x0000000080a00000, 0x0000000080900000| Untracked 
|  10|0x0000000080a00000, 0x0000000080b00000, 0x0000000080b00000|100%| O|  |TAMS 0x0000000080a90e00, 0x0000000080a00000| Untracked 
|  11|0x0000000080b00000, 0x0000000080c00000, 0x0000000080c00000|100%| O|  |TAMS 0x0000000080c00000, 0x0000000080b00000| Untracked 
|  12|0x0000000080c00000, 0x0000000080d00000, 0x0000000080d00000|100%| O|  |TAMS 0x0000000080d00000, 0x0000000080c00000| Untracked 
|  13|0x0000000080d00000, 0x0000000080e00000, 0x0000000080e00000|100%| O|  |TAMS 0x0000000080e00000, 0x0000000080d00000| Untracked 
|  14|0x0000000080e00000, 0x0000000080f00000, 0x0000000080f00000|100%| O|  |TAMS 0x0000000080f00000, 0x0000000080e00000| Untracked 
|  15|0x0000000080f00000, 0x0000000081000000, 0x0000000081000000|100%| O|  |TAMS 0x0000000081000000, 0x0000000080f00000| Untracked 
|  16|0x0000000081000000, 0x0000000081100000, 0x0000000081100000|100%| O|  |TAMS 0x0000000081100000, 0x0000000081000000| Untracked 
|  17|0x0000000081100000, 0x0000000081200000, 0x0000000081200000|100%| O|  |TAMS 0x0000000081200000, 0x0000000081100000| Untracked 
|  18|0x0000000081200000, 0x0000000081300000, 0x0000000081300000|100%| O|  |TAMS 0x0000000081300000, 0x0000000081200000| Untracked 
|  19|0x0000000081300000, 0x0000000081400000, 0x0000000081400000|100%| O|  |TAMS 0x0000000081400000, 0x0000000081300000| Untracked 
|  20|0x0000000081400000, 0x0000000081500000, 0x0000000081500000|100%| O|  |TAMS 0x0000000081500000, 0x0000000081400000| Untracked 
|  21|0x0000000081500000, 0x00000000815d5c00, 0x0000000081600000| 83%| O|  |TAMS 0x0000000081500000, 0x0000000081500000| Untracked 
|  22|0x0000000081600000, 0x0000000081600000, 0x0000000081700000|  0%| F|  |TAMS 0x0000000081600000, 0x0000000081600000| Untracked 
|  23|0x0000000081700000, 0x0000000081700000, 0x0000000081800000|  0%| F|  |TAMS 0x0000000081700000, 0x0000000081700000| Untracked 
|  24|0x0000000081800000, 0x0000000081800000, 0x0000000081900000|  0%| F|  |TAMS 0x0000000081800000, 0x0000000081800000| Untracked 
|  25|0x0000000081900000, 0x0000000081900000, 0x0000000081a00000|  0%| F|  |TAMS 0x0000000081900000, 0x0000000081900000| Untracked 
|  26|0x0000000081a00000, 0x0000000081a00000, 0x0000000081b00000|  0%| F|  |TAMS 0x0000000081a00000, 0x0000000081a00000| Untracked 
|  27|0x0000000081b00000, 0x0000000081b00000, 0x0000000081c00000|  0%| F|  |TAMS 0x0000000081b00000, 0x0000000081b00000| Untracked 
|  28|0x0000000081c00000, 0x0000000081c00000, 0x0000000081d00000|  0%| F|  |TAMS 0x0000000081c00000, 0x0000000081c00000| Untracked 
|  29|0x0000000081d00000, 0x0000000081d00000, 0x0000000081e00000|  0%| F|  |TAMS 0x0000000081d00000, 0x0000000081d00000| Untracked 
|  30|0x0000000081e00000, 0x0000000081e00000, 0x0000000081f00000|  0%| F|  |TAMS 0x0000000081e00000, 0x0000000081e00000| Untracked 
|  31|0x0000000081f00000, 0x0000000081f00000, 0x0000000082000000|  0%| F|  |TAMS 0x0000000081f00000, 0x0000000081f00000| Untracked 
|  32|0x0000000082000000, 0x0000000082000000, 0x0000000082100000|  0%| F|  |TAMS 0x0000000082000000, 0x0000000082000000| Untracked 
|  33|0x0000000082100000, 0x0000000082100000, 0x0000000082200000|  0%| F|  |TAMS 0x0000000082100000, 0x0000000082100000| Untracked 
|  34|0x0000000082200000, 0x0000000082200000, 0x0000000082300000|  0%| F|  |TAMS 0x0000000082200000, 0x0000000082200000| Untracked 
|  35|0x0000000082300000, 0x0000000082300000, 0x0000000082400000|  0%| F|  |TAMS 0x0000000082300000, 0x0000000082300000| Untracked 
|  36|0x0000000082400000, 0x0000000082400000, 0x0000000082500000|  0%| F|  |TAMS 0x0000000082400000, 0x0000000082400000| Untracked 
|  37|0x0000000082500000, 0x0000000082500000, 0x0000000082600000|  0%| F|  |TAMS 0x0000000082500000, 0x0000000082500000| Untracked 
|  38|0x0000000082600000, 0x0000000082600000, 0x0000000082700000|  0%| F|  |TAMS 0x0000000082600000, 0x0000000082600000| Untracked 
|  39|0x0000000082700000, 0x0000000082700000, 0x0000000082800000|  0%| F|  |TAMS 0x0000000082700000, 0x0000000082700000| Untracked 
|  40|0x0000000082800000, 0x0000000082800000, 0x0000000082900000|  0%| F|  |TAMS 0x0000000082800000, 0x0000000082800000| Untracked 
|  41|0x0000000082900000, 0x00000000829748a8, 0x0000000082a00000| 45%| E|  |TAMS 0x0000000082900000, 0x0000000082900000| Complete 
|  42|0x0000000082a00000, 0x0000000082b00000, 0x0000000082b00000|100%| E|CS|TAMS 0x0000000082a00000, 0x0000000082a00000| Complete 
|  43|0x0000000082b00000, 0x0000000082c00000, 0x0000000082c00000|100%| E|CS|TAMS 0x0000000082b00000, 0x0000000082b00000| Complete 
|  44|0x0000000082c00000, 0x0000000082d00000, 0x0000000082d00000|100%| E|CS|TAMS 0x0000000082c00000, 0x0000000082c00000| Complete 
|  45|0x0000000082d00000, 0x0000000082e00000, 0x0000000082e00000|100%| E|  |TAMS 0x0000000082d00000, 0x0000000082d00000| Complete 
|  46|0x0000000082e00000, 0x0000000082f00000, 0x0000000082f00000|100%| E|CS|TAMS 0x0000000082e00000, 0x0000000082e00000| Complete 
|  47|0x0000000082f00000, 0x0000000083000000, 0x0000000083000000|100%| E|CS|TAMS 0x0000000082f00000, 0x0000000082f00000| Complete 
|  48|0x0000000083000000, 0x0000000083100000, 0x0000000083100000|100%| E|CS|TAMS 0x0000000083000000, 0x0000000083000000| Complete 
|  49|0x0000000083100000, 0x0000000083200000, 0x0000000083200000|100%| E|CS|TAMS 0x0000000083100000, 0x0000000083100000| Complete 
|  50|0x0000000083200000, 0x0000000083300000, 0x0000000083300000|100%| E|CS|TAMS 0x0000000083200000, 0x0000000083200000| Complete 
|  51|0x0000000083300000, 0x0000000083400000, 0x0000000083400000|100%| E|CS|TAMS 0x0000000083300000, 0x0000000083300000| Complete 
|  52|0x0000000083400000, 0x0000000083500000, 0x0000000083500000|100%| E|CS|TAMS 0x0000000083400000, 0x0000000083400000| Complete 
|  53|0x0000000083500000, 0x0000000083600000, 0x0000000083600000|100%| E|CS|TAMS 0x0000000083500000, 0x0000000083500000| Complete 
|  54|0x0000000083600000, 0x00000000836ada90, 0x0000000083700000| 67%| S|CS|TAMS 0x0000000083600000, 0x0000000083600000| Complete 
|  55|0x0000000083700000, 0x0000000083800000, 0x0000000083800000|100%| S|CS|TAMS 0x0000000083700000, 0x0000000083700000| Complete 
|  56|0x0000000083800000, 0x0000000083900000, 0x0000000083900000|100%| E|CS|TAMS 0x0000000083800000, 0x0000000083800000| Complete 
|  57|0x0000000083900000, 0x0000000083a00000, 0x0000000083a00000|100%| E|CS|TAMS 0x0000000083900000, 0x0000000083900000| Complete 
|  58|0x0000000083a00000, 0x0000000083b00000, 0x0000000083b00000|100%| E|CS|TAMS 0x0000000083a00000, 0x0000000083a00000| Complete 
|  59|0x0000000083b00000, 0x0000000083c00000, 0x0000000083c00000|100%| E|CS|TAMS 0x0000000083b00000, 0x0000000083b00000| Complete 
|  60|0x0000000083c00000, 0x0000000083d00000, 0x0000000083d00000|100%| E|CS|TAMS 0x0000000083c00000, 0x0000000083c00000| Complete 
|  61|0x0000000083d00000, 0x0000000083e00000, 0x0000000083e00000|100%| E|CS|TAMS 0x0000000083d00000, 0x0000000083d00000| Complete 

Card table byte_map: [0x000001f6c5b30000,0x000001f6c5f30000] _byte_map_base: 0x000001f6c5730000

Marking Bits (Prev, Next): (CMBitMap*) 0x000001f6b32ac1b0, (CMBitMap*) 0x000001f6b32ac1f0
 Prev Bits: [0x000001f6c6330000, 0x000001f6c8330000)
 Next Bits: [0x000001f6c8330000, 0x000001f6ca330000)

Polling page: 0x000001f6b11c0000

Metaspace:

Usage:
  Non-class:     34.26 MB used.
      Class:      5.26 MB used.
       Both:     39.52 MB used.

Virtual space:
  Non-class space:       64.00 MB reserved,      34.44 MB ( 54%) committed,  1 nodes.
      Class space:        1.00 GB reserved,       5.44 MB ( <1%) committed,  1 nodes.
             Both:        1.06 GB reserved,      39.88 MB (  4%) committed. 

Chunk freelists:
   Non-Class:  13.41 MB
       Class:  10.45 MB
        Both:  23.86 MB

MaxMetaspaceSize: unlimited
CompressedClassSpaceSize: 1.00 GB
Initial GC threshold: 21.00 MB
Current GC threshold: 58.69 MB
CDS: off
MetaspaceReclaimPolicy: balanced
 - commit_granule_bytes: 65536.
 - commit_granule_words: 8192.
 - virtual_space_node_default_size: 8388608.
 - enlarge_chunks_in_place: 1.
 - new_chunks_are_fully_committed: 0.
 - uncommit_free_chunks: 1.
 - use_allocation_guard: 0.
 - handle_deallocations: 1.


Internal statistics:

num_allocs_failed_limit: 6.
num_arena_births: 298.
num_arena_deaths: 0.
num_vsnodes_births: 2.
num_vsnodes_deaths: 0.
num_space_committed: 638.
num_space_uncommitted: 0.
num_chunks_returned_to_freelist: 6.
num_chunks_taken_from_freelist: 1421.
num_chunk_merges: 3.
num_chunk_splits: 946.
num_chunks_enlarged: 681.
num_inconsistent_stats: 0.

CodeHeap 'non-profiled nmethods': size=120000Kb used=1781Kb max_used=1781Kb free=118218Kb
 bounds [0x000001f6be200000, 0x000001f6be470000, 0x000001f6c5730000]
CodeHeap 'profiled nmethods': size=120000Kb used=7018Kb max_used=7018Kb free=112981Kb
 bounds [0x000001f6b6730000, 0x000001f6b6e10000, 0x000001f6bdc60000]
CodeHeap 'non-nmethods': size=5760Kb used=1580Kb max_used=1580Kb free=4180Kb
 bounds [0x000001f6bdc60000, 0x000001f6bded0000, 0x000001f6be200000]
 total_blobs=3996 nmethods=3344 adapters=564
 compilation: enabled
              stopped_count=0, restarted_count=0
 full_count=0

Compilation events (20 events):
Event: 95.902 Thread 0x000001f6cc8495a0 3288       3       java.util.zip.ZipUtils::CENTIM (9 bytes)
Event: 95.903 Thread 0x000001f6cc8495a0 nmethod 3288 0x000001f6b6deac10 code [0x000001f6b6deadc0, 0x000001f6b6deb098]
Event: 95.903 Thread 0x000001f6cc8495a0 3289       3       java.util.zip.ZipUtils::CENCRC (9 bytes)
Event: 95.903 Thread 0x000001f6cc8495a0 nmethod 3289 0x000001f6b6deb210 code [0x000001f6b6deb3c0, 0x000001f6b6deb698]
Event: 95.903 Thread 0x000001f6cc8495a0 3290       3       java.util.zip.ZipUtils::CENVEM_FA (8 bytes)
Event: 95.903 Thread 0x000001f6cc8495a0 nmethod 3290 0x000001f6b6deb810 code [0x000001f6b6deb9a0, 0x000001f6b6debb18]
Event: 95.904 Thread 0x000001f6cc8495a0 3284       3       java.util.jar.JavaUtilJarAccessImpl::entryFor (6 bytes)
Event: 95.904 Thread 0x000001f6cc8495a0 nmethod 3284 0x000001f6b6debc10 code [0x000001f6b6debde0, 0x000001f6b6dec208]
Event: 95.904 Thread 0x000001f6cc8495a0 3285       3       java.util.jar.JarFile::entryFor (10 bytes)
Event: 95.904 Thread 0x000001f6cc8495a0 nmethod 3285 0x000001f6b6dec390 code [0x000001f6b6dec540, 0x000001f6b6dec868]
Event: 95.904 Thread 0x000001f6cc8495a0 3286       3       java.util.jar.JarFile$JarFileEntry::<init> (16 bytes)
Event: 95.905 Thread 0x000001f6cc8495a0 nmethod 3286 0x000001f6b6dec990 code [0x000001f6b6decb40, 0x000001f6b6decda8]
Event: 95.905 Thread 0x000001f6cc8495a0 3287       3       java.util.jar.JarEntry::<init> (6 bytes)
Event: 95.905 Thread 0x000001f6cc8495a0 nmethod 3287 0x000001f6b6dece90 code [0x000001f6b6ded020, 0x000001f6b6ded168]
Event: 95.905 Thread 0x000001f6cc8495a0 3291       3       java.util.zip.ZipFile$Source::getEntryPos (9 bytes)
Event: 95.905 Thread 0x000001f6cc8495a0 nmethod 3291 0x000001f6b6ded210 code [0x000001f6b6ded3a0, 0x000001f6b6ded4d8]
Event: 95.905 Thread 0x000001f6cc8495a0 3292       3       java.util.zip.ZipUtils::CH (8 bytes)
Event: 95.905 Thread 0x000001f6cc8495a0 nmethod 3292 0x000001f6b6ded590 code [0x000001f6b6ded720, 0x000001f6b6ded838]
Event: 95.905 Thread 0x000001f6cc8495a0 3293       3       java.util.zip.ZipUtils::CENATX_PERMS (9 bytes)
Event: 95.905 Thread 0x000001f6cc8495a0 nmethod 3293 0x000001f6b6ded910 code [0x000001f6b6dedaa0, 0x000001f6b6dedc58]

GC Heap History (20 events):
Event: 31.443 GC heap before
{Heap before GC invocations=1 (full 0):
 garbage-first heap   total 63488K, used 22768K [0x0000000080000000, 0x0000000100000000)
  region size 1024K, 18 young (18432K), 2 survivors (2048K)
 Metaspace       used 11420K, committed 11648K, reserved 1114112K
  class space    used 1197K, committed 1280K, reserved 1048576K
}
Event: 31.463 GC heap after
{Heap after GC invocations=2 (full 0):
 garbage-first heap   total 63488K, used 10548K [0x0000000080000000, 0x0000000100000000)
  region size 1024K, 3 young (3072K), 3 survivors (3072K)
 Metaspace       used 11420K, committed 11648K, reserved 1114112K
  class space    used 1197K, committed 1280K, reserved 1048576K
}
Event: 33.571 GC heap before
{Heap before GC invocations=2 (full 0):
 garbage-first heap   total 63488K, used 31028K [0x0000000080000000, 0x0000000100000000)
  region size 1024K, 23 young (23552K), 3 survivors (3072K)
 Metaspace       used 11491K, committed 11648K, reserved 1114112K
  class space    used 1199K, committed 1280K, reserved 1048576K
}
Event: 33.582 GC heap after
{Heap after GC invocations=3 (full 0):
 garbage-first heap   total 63488K, used 11267K [0x0000000080000000, 0x0000000100000000)
  region size 1024K, 1 young (1024K), 1 survivors (1024K)
 Metaspace       used 11491K, committed 11648K, reserved 1114112K
  class space    used 1199K, committed 1280K, reserved 1048576K
}
Event: 38.477 GC heap before
{Heap before GC invocations=3 (full 0):
 garbage-first heap   total 63488K, used 44035K [0x0000000080000000, 0x0000000100000000)
  region size 1024K, 32 young (32768K), 1 survivors (1024K)
 Metaspace       used 16545K, committed 16768K, reserved 1114112K
  class space    used 1884K, committed 1984K, reserved 1048576K
}
Event: 38.492 GC heap after
{Heap after GC invocations=4 (full 0):
 garbage-first heap   total 63488K, used 17408K [0x0000000080000000, 0x0000000100000000)
  region size 1024K, 4 young (4096K), 4 survivors (4096K)
 Metaspace       used 16545K, committed 16768K, reserved 1114112K
  class space    used 1884K, committed 1984K, reserved 1048576K
}
Event: 49.809 GC heap before
{Heap before GC invocations=4 (full 0):
 garbage-first heap   total 63488K, used 36864K [0x0000000080000000, 0x0000000100000000)
  region size 1024K, 24 young (24576K), 4 survivors (4096K)
 Metaspace       used 21307K, committed 21504K, reserved 1114112K
  class space    used 2556K, committed 2624K, reserved 1048576K
}
Event: 49.862 GC heap after
{Heap after GC invocations=5 (full 0):
 garbage-first heap   total 63488K, used 18966K [0x0000000080000000, 0x0000000100000000)
  region size 1024K, 2 young (2048K), 2 survivors (2048K)
 Metaspace       used 21307K, committed 21504K, reserved 1114112K
  class space    used 2556K, committed 2624K, reserved 1048576K
}
Event: 69.669 GC heap before
{Heap before GC invocations=6 (full 0):
 garbage-first heap   total 63488K, used 41494K [0x0000000080000000, 0x0000000100000000)
  region size 1024K, 24 young (24576K), 2 survivors (2048K)
 Metaspace       used 25009K, committed 25344K, reserved 1114112K
  class space    used 3176K, committed 3328K, reserved 1048576K
}
Event: 69.810 GC heap after
{Heap after GC invocations=7 (full 0):
 garbage-first heap   total 63488K, used 19857K [0x0000000080000000, 0x0000000100000000)
  region size 1024K, 3 young (3072K), 3 survivors (3072K)
 Metaspace       used 25009K, committed 25344K, reserved 1114112K
  class space    used 3176K, committed 3328K, reserved 1048576K
}
Event: 70.253 GC heap before
{Heap before GC invocations=7 (full 0):
 garbage-first heap   total 63488K, used 19857K [0x0000000080000000, 0x0000000100000000)
  region size 1024K, 4 young (4096K), 3 survivors (3072K)
 Metaspace       used 25198K, committed 25472K, reserved 1114112K
  class space    used 3207K, committed 3328K, reserved 1048576K
}
Event: 70.272 GC heap after
{Heap after GC invocations=8 (full 0):
 garbage-first heap   total 63488K, used 19738K [0x0000000080000000, 0x0000000100000000)
  region size 1024K, 1 young (1024K), 1 survivors (1024K)
 Metaspace       used 25198K, committed 25472K, reserved 1114112K
  class space    used 3207K, committed 3328K, reserved 1048576K
}
Event: 84.993 GC heap before
{Heap before GC invocations=8 (full 0):
 garbage-first heap   total 63488K, used 43290K [0x0000000080000000, 0x0000000100000000)
  region size 1024K, 24 young (24576K), 1 survivors (1024K)
 Metaspace       used 28191K, committed 28480K, reserved 1114112K
  class space    used 3725K, committed 3840K, reserved 1048576K
}
Event: 85.008 GC heap after
{Heap after GC invocations=9 (full 0):
 garbage-first heap   total 63488K, used 21197K [0x0000000080000000, 0x0000000100000000)
  region size 1024K, 2 young (2048K), 2 survivors (2048K)
 Metaspace       used 28191K, committed 28480K, reserved 1114112K
  class space    used 3725K, committed 3840K, reserved 1048576K
}
Event: 89.816 GC heap before
{Heap before GC invocations=9 (full 0):
 garbage-first heap   total 63488K, used 44749K [0x0000000080000000, 0x0000000100000000)
  region size 1024K, 25 young (25600K), 2 survivors (2048K)
 Metaspace       used 31303K, committed 31552K, reserved 1114112K
  class space    used 4246K, committed 4352K, reserved 1048576K
}
Event: 89.824 GC heap after
{Heap after GC invocations=10 (full 0):
 garbage-first heap   total 63488K, used 22417K [0x0000000080000000, 0x0000000100000000)
  region size 1024K, 3 young (3072K), 3 survivors (3072K)
 Metaspace       used 31303K, committed 31552K, reserved 1114112K
  class space    used 4246K, committed 4352K, reserved 1048576K
}
Event: 93.123 GC heap before
{Heap before GC invocations=10 (full 0):
 garbage-first heap   total 63488K, used 45969K [0x0000000080000000, 0x0000000100000000)
  region size 1024K, 26 young (26624K), 3 survivors (3072K)
 Metaspace       used 34509K, committed 34816K, reserved 1114112K
  class space    used 4740K, committed 4864K, reserved 1048576K
}
Event: 93.135 GC heap after
{Heap after GC invocations=11 (full 0):
 garbage-first heap   total 63488K, used 23723K [0x0000000080000000, 0x0000000100000000)
  region size 1024K, 3 young (3072K), 3 survivors (3072K)
 Metaspace       used 34509K, committed 34816K, reserved 1114112K
  class space    used 4740K, committed 4864K, reserved 1048576K
}
Event: 94.131 GC heap before
{Heap before GC invocations=11 (full 0):
 garbage-first heap   total 63488K, used 27819K [0x0000000080000000, 0x0000000100000000)
  region size 1024K, 9 young (9216K), 3 survivors (3072K)
 Metaspace       used 35602K, committed 35968K, reserved 1114112K
  class space    used 4901K, committed 5056K, reserved 1048576K
}
Event: 94.147 GC heap after
{Heap after GC invocations=12 (full 0):
 garbage-first heap   total 63488K, used 24077K [0x0000000080000000, 0x0000000100000000)
  region size 1024K, 2 young (2048K), 2 survivors (2048K)
 Metaspace       used 35602K, committed 35968K, reserved 1114112K
  class space    used 4901K, committed 5056K, reserved 1048576K
}

Dll operation events (3 events):
Event: 1.864 Loaded shared library C:\Program Files\Android\Android Studio\jbr\bin\java.dll
Event: 7.726 Loaded shared library C:\Program Files\Android\Android Studio\jbr\bin\zip.dll
Event: 14.803 Loaded shared library C:\Program Files\Android\Android Studio\jbr\bin\verify.dll

Deoptimization events (20 events):
Event: 94.825 Thread 0x000001f6d11d9d70 Uncommon trap: trap_request=0xffffffde fr.pc=0x000001f6be3b05e0 relative=0x00000000000002a0
Event: 94.825 Thread 0x000001f6d11d9d70 Uncommon trap: reason=class_check action=maybe_recompile pc=0x000001f6be3b05e0 method=java.lang.reflect.Executable.getAnnotation(Ljava/lang/Class;)Ljava/lang/annotation/Annotation; @ 19 c2
Event: 94.825 Thread 0x000001f6d11d9d70 DEOPT PACKING pc=0x000001f6be3b05e0 sp=0x00000099922f8fc0
Event: 94.825 Thread 0x000001f6d11d9d70 DEOPT UNPACKING pc=0x000001f6bdcb699d sp=0x00000099922f8f18 mode 2
Event: 94.825 Thread 0x000001f6d11d9d70 Uncommon trap: trap_request=0xffffffde fr.pc=0x000001f6be3b05e0 relative=0x00000000000002a0
Event: 94.825 Thread 0x000001f6d11d9d70 Uncommon trap: reason=class_check action=maybe_recompile pc=0x000001f6be3b05e0 method=java.lang.reflect.Executable.getAnnotation(Ljava/lang/Class;)Ljava/lang/annotation/Annotation; @ 19 c2
Event: 94.825 Thread 0x000001f6d11d9d70 DEOPT PACKING pc=0x000001f6be3b05e0 sp=0x00000099922f8fc0
Event: 94.825 Thread 0x000001f6d11d9d70 DEOPT UNPACKING pc=0x000001f6bdcb699d sp=0x00000099922f8f18 mode 2
Event: 94.856 Thread 0x000001f6d11d9d70 Uncommon trap: trap_request=0xffffffc6 fr.pc=0x000001f6be36fd08 relative=0x00000000000001c8
Event: 94.856 Thread 0x000001f6d11d9d70 Uncommon trap: reason=bimorphic_or_optimized_type_check action=maybe_recompile pc=0x000001f6be36fd08 method=java.util.regex.Pattern$BmpCharProperty.match(Ljava/util/regex/Matcher;ILjava/lang/CharSequence;)Z @ 19 c2
Event: 94.856 Thread 0x000001f6d11d9d70 DEOPT PACKING pc=0x000001f6be36fd08 sp=0x00000099922f8ab0
Event: 94.856 Thread 0x000001f6d11d9d70 DEOPT UNPACKING pc=0x000001f6bdcb699d sp=0x00000099922f8a48 mode 2
Event: 94.856 Thread 0x000001f6d11d9d70 Uncommon trap: trap_request=0xffffffc6 fr.pc=0x000001f6be36fd08 relative=0x00000000000001c8
Event: 94.856 Thread 0x000001f6d11d9d70 Uncommon trap: reason=bimorphic_or_optimized_type_check action=maybe_recompile pc=0x000001f6be36fd08 method=java.util.regex.Pattern$BmpCharProperty.match(Ljava/util/regex/Matcher;ILjava/lang/CharSequence;)Z @ 19 c2
Event: 94.856 Thread 0x000001f6d11d9d70 DEOPT PACKING pc=0x000001f6be36fd08 sp=0x00000099922f8ab0
Event: 94.856 Thread 0x000001f6d11d9d70 DEOPT UNPACKING pc=0x000001f6bdcb699d sp=0x00000099922f8a48 mode 2
Event: 95.891 Thread 0x000001f6d11d9d70 Uncommon trap: trap_request=0xffffff54 fr.pc=0x000001f6be2b5dc4 relative=0x0000000000001204
Event: 95.891 Thread 0x000001f6d11d9d70 Uncommon trap: reason=speculate_null_assert action=make_not_entrant pc=0x000001f6be2b5dc4 method=jdk.internal.loader.URLClassPath$JarLoader.getResource(Ljava/lang/String;ZLjava/util/Set;)Ljdk/internal/loader/Resource; @ 17 c2
Event: 95.891 Thread 0x000001f6d11d9d70 DEOPT PACKING pc=0x000001f6be2b5dc4 sp=0x00000099922f7cc0
Event: 95.891 Thread 0x000001f6d11d9d70 DEOPT UNPACKING pc=0x000001f6bdcb699d sp=0x00000099922f7c58 mode 2

Classes unloaded (0 events):
No events

Classes redefined (0 events):
No events

Internal exceptions (20 events):
Event: 89.461 Thread 0x000001f6d11d9d70 Exception <a 'java/lang/NoSuchMethodError'{0x000000008282a828}: 'java.lang.Object java.lang.invoke.Invokers$Holder.linkToTargetMethod(java.lang.Object, java.lang.Object, java.lang.Object, java.lang.Object, java.lang.Object, java.lang.Object, java.lang.Object, java.lang.Object, java.lang.Object, java.lang.Object)'> (0x000000008282a828) 
thrown [s\src\hotspot\share\interpreter\linkResolver.cpp, line 771]
Event: 89.536 Thread 0x000001f6d11d9d70 Exception <a 'java/lang/NoSuchMethodError'{0x00000000828a0260}: 'java.lang.Object java.lang.invoke.DirectMethodHandle$Holder.newInvokeSpecial(java.lang.Object, java.lang.Object, java.lang.Object, java.lang.Object, java.lang.Object, java.lang.Object, java.lang.Object, java.lang.Object, java.lang.Object, java.lang.Object, java.lang.Object)'> (0x00000000828a0260) 
thrown [s\src\hotspot\share\interpreter\linkResolver.cpp, line 771]
Event: 89.538 Thread 0x000001f6d11d9d70 Exception <a 'java/lang/NoSuchMethodError'{0x00000000828a5d98}: 'java.lang.Object java.lang.invoke.DirectMethodHandle$Holder.invokeSpecial(java.lang.Object, java.lang.Object, java.lang.Object, java.lang.Object, java.lang.Object, java.lang.Object, java.lang.Object, java.lang.Object, java.lang.Object, java.lang.Object, java.lang.Object, java.lang.Object)'> (0x00000000828a5d98) 
thrown [s\src\hotspot\share\interpreter\linkResolver.cpp, line 771]
Event: 89.538 Thread 0x000001f6d11d9d70 Exception <a 'java/lang/NoSuchMethodError'{0x00000000828ab430}: 'java.lang.Object java.lang.invoke.Invokers$Holder.linkToTargetMethod(java.lang.Object, java.lang.Object, java.lang.Object, java.lang.Object, java.lang.Object, java.lang.Object, java.lang.Object, java.lang.Object, java.lang.Object, java.lang.Object, java.lang.Object)'> (0x00000000828ab430) 
thrown [s\src\hotspot\share\interpreter\linkResolver.cpp, line 771]
Event: 89.736 Thread 0x000001f6d11d9d70 Exception <a 'java/lang/NoSuchMethodError'{0x0000000082752b50}: 'java.lang.Object java.lang.invoke.DirectMethodHandle$Holder.invokeStaticInit(java.lang.Object, java.lang.Object, java.lang.Object, java.lang.Object)'> (0x0000000082752b50) 
thrown [s\src\hotspot\share\interpreter\linkResolver.cpp, line 771]
Event: 90.414 Thread 0x000001f6d11d9d70 Implicit null exception at 0x000001f6be25088c to 0x000001f6be250da4
Event: 92.171 Thread 0x000001f6d11d9d70 Exception <a 'java/lang/NoSuchMethodError'{0x0000000082eaae78}: 'java.lang.Object java.lang.invoke.DirectMethodHandle$Holder.newInvokeSpecial(java.lang.Object, java.lang.Object, java.lang.Object, java.lang.Object, java.lang.Object, java.lang.Object, java.lang.Object, java.lang.Object)'> (0x0000000082eaae78) 
thrown [s\src\hotspot\share\interpreter\linkResolver.cpp, line 771]
Event: 92.172 Thread 0x000001f6d11d9d70 Exception <a 'java/lang/NoSuchMethodError'{0x0000000082eb0dd0}: 'java.lang.Object java.lang.invoke.DirectMethodHandle$Holder.invokeSpecial(java.lang.Object, java.lang.Object, java.lang.Object, java.lang.Object, java.lang.Object, java.lang.Object, java.lang.Object, java.lang.Object, java.lang.Object)'> (0x0000000082eb0dd0) 
thrown [s\src\hotspot\share\interpreter\linkResolver.cpp, line 771]
Event: 92.172 Thread 0x000001f6d11d9d70 Exception <a 'java/lang/NoSuchMethodError'{0x0000000082eb66d0}: 'java.lang.Object java.lang.invoke.Invokers$Holder.linkToTargetMethod(java.lang.Object, java.lang.Object, java.lang.Object, java.lang.Object, java.lang.Object, java.lang.Object, java.lang.Object, java.lang.Object)'> (0x0000000082eb66d0) 
thrown [s\src\hotspot\share\interpreter\linkResolver.cpp, line 771]
Event: 93.182 Thread 0x000001f6d11d9d70 Exception <a 'java/lang/NoSuchMethodError'{0x0000000083d6a790}: 'java.lang.Object java.lang.invoke.DirectMethodHandle$Holder.newInvokeSpecial(java.lang.Object, java.lang.Object, int, int)'> (0x0000000083d6a790) 
thrown [s\src\hotspot\share\interpreter\linkResolver.cpp, line 771]
Event: 94.125 Thread 0x000001f6d11d9d70 Implicit null exception at 0x000001f6be39d79a to 0x000001f6be39dc78
Event: 94.342 Thread 0x000001f6d11d9d70 Exception <a 'java/lang/NoSuchMethodError'{0x0000000083c4a258}: 'void java.lang.invoke.DirectMethodHandle$Holder.invokeStaticInit(java.lang.Object, java.lang.Object, java.lang.Object)'> (0x0000000083c4a258) 
thrown [s\src\hotspot\share\interpreter\linkResolver.cpp, line 771]
Event: 94.344 Thread 0x000001f6d11d9d70 Exception <a 'java/lang/NoSuchMethodError'{0x0000000083c516f8}: 'void java.lang.invoke.DirectMethodHandle$Holder.invokeStaticInit(java.lang.Object, java.lang.Object, java.lang.Object, java.lang.Object)'> (0x0000000083c516f8) 
thrown [s\src\hotspot\share\interpreter\linkResolver.cpp, line 771]
Event: 94.349 Thread 0x000001f6d11d9d70 Exception <a 'java/lang/NoSuchMethodError'{0x0000000083c73938}: 'void java.lang.invoke.DirectMethodHandle$Holder.invokeStaticInit(java.lang.Object, java.lang.Object, java.lang.Object, java.lang.Object, java.lang.Object)'> (0x0000000083c73938) 
thrown [s\src\hotspot\share\interpreter\linkResolver.cpp, line 771]
Event: 94.350 Thread 0x000001f6d11d9d70 Exception <a 'java/lang/NoSuchMethodError'{0x0000000083c7b700}: 'int java.lang.invoke.DirectMethodHandle$Holder.invokeStaticInit(java.lang.Object, java.lang.Object, java.lang.Object)'> (0x0000000083c7b700) 
thrown [s\src\hotspot\share\interpreter\linkResolver.cpp, line 771]
Event: 94.368 Thread 0x000001f6d11d9d70 Exception <a 'java/lang/NoSuchMethodError'{0x0000000083cd1ec0}: 'int java.lang.invoke.DirectMethodHandle$Holder.invokeStaticInit(java.lang.Object, java.lang.Object, java.lang.Object, java.lang.Object)'> (0x0000000083cd1ec0) 
thrown [s\src\hotspot\share\interpreter\linkResolver.cpp, line 771]
Event: 95.900 Thread 0x000001f6d11d9d70 Exception <a 'java/lang/ClassNotFoundException'{0x000000008305bd88}: groovy/lang/ExpandoMetaClassBeanInfo> (0x000000008305bd88) 
thrown [s\src\hotspot\share\classfile\systemDictionary.cpp, line 256]
Event: 95.901 Thread 0x000001f6d11d9d70 Exception <a 'java/lang/ClassNotFoundException'{0x00000000830729f0}: groovy/lang/MetaClassImplBeanInfo> (0x00000000830729f0) 
thrown [s\src\hotspot\share\classfile\systemDictionary.cpp, line 256]
Event: 95.902 Thread 0x000001f6d11d9d70 Exception <a 'java/lang/ClassNotFoundException'{0x0000000083077a68}: java/lang/ObjectBeanInfo> (0x0000000083077a68) 
thrown [s\src\hotspot\share\classfile\systemDictionary.cpp, line 256]
Event: 95.904 Thread 0x000001f6d11d9d70 Exception <a 'java/lang/ClassNotFoundException'{0x000000008307dd18}: java/lang/ObjectCustomizer> (0x000000008307dd18) 
thrown [s\src\hotspot\share\classfile\systemDictionary.cpp, line 256]

VM Operations (20 events):
Event: 92.066 Executing VM operation: HandshakeAllThreads
Event: 92.066 Executing VM operation: HandshakeAllThreads done
Event: 93.078 Executing VM operation: Cleanup
Event: 93.078 Executing VM operation: Cleanup done
Event: 93.123 Executing VM operation: G1CollectForAllocation
Event: 93.135 Executing VM operation: G1CollectForAllocation done
Event: 93.402 Executing VM operation: HandshakeAllThreads
Event: 93.402 Executing VM operation: HandshakeAllThreads done
Event: 94.099 Executing VM operation: HandshakeAllThreads
Event: 94.099 Executing VM operation: HandshakeAllThreads done
Event: 94.131 Executing VM operation: CollectForMetadataAllocation
Event: 94.148 Executing VM operation: CollectForMetadataAllocation done
Event: 94.184 Executing VM operation: G1PauseRemark
Event: 94.187 Executing VM operation: G1PauseRemark done
Event: 94.202 Executing VM operation: G1PauseCleanup
Event: 94.203 Executing VM operation: G1PauseCleanup done
Event: 95.214 Executing VM operation: Cleanup
Event: 95.245 Executing VM operation: Cleanup done
Event: 95.397 Executing VM operation: HandshakeAllThreads
Event: 95.397 Executing VM operation: HandshakeAllThreads done

Events (20 events):
Event: 95.891 loading class java/util/zip/ZipFile$ZipEntryIterator
Event: 95.898 loading class java/util/zip/ZipFile$ZipEntryIterator done
Event: 95.901 loading class java/lang/ObjectBeanInfo
Event: 95.901 loading class java/lang/ObjectBeanInfo done
Event: 95.902 loading class java/lang/ObjectBeanInfo
Event: 95.902 loading class java/lang/ObjectBeanInfo done
Event: 95.902 loading class java/beans/BeanDescriptor
Event: 95.903 loading class java/beans/BeanDescriptor done
Event: 95.904 loading class java/lang/ObjectCustomizer
Event: 95.904 loading class java/lang/ObjectCustomizer done
Event: 95.904 loading class java/lang/ObjectCustomizer
Event: 95.904 loading class java/lang/ObjectCustomizer done
Event: 95.904 loading class java/beans/JavaBean
Event: 95.908 loading class java/beans/JavaBean done
Event: 95.908 loading class javax/swing/SwingContainer
Event: 95.908 loading class javax/swing/SwingContainer done
Event: 95.908 loading class com/sun/beans/introspect/ClassInfo
Event: 95.909 loading class com/sun/beans/introspect/ClassInfo done
Event: 95.909 loading class com/sun/beans/introspect/ClassInfo$1
Event: 95.909 loading class com/sun/beans/util/Cache


Dynamic libraries:
0x00007ff62bfc0000 - 0x00007ff62bfca000 	C:\Program Files\Android\Android Studio\jbr\bin\java.exe
0x00007ffff0660000 - 0x00007ffff0869000 	C:\WINDOWS\SYSTEM32\ntdll.dll
0x00007fffeeef0000 - 0x00007fffeefae000 	C:\WINDOWS\System32\KERNEL32.DLL
0x00007fffedd40000 - 0x00007fffee0bb000 	C:\WINDOWS\System32\KERNELBASE.dll
0x00007fffda780000 - 0x00007fffda79b000 	C:\Program Files\Android\Android Studio\jbr\bin\VCRUNTIME140.dll
0x00007fffee180000 - 0x00007fffee291000 	C:\WINDOWS\System32\ucrtbase.dll
0x00007fffda870000 - 0x00007fffda887000 	C:\Program Files\Android\Android Studio\jbr\bin\jli.dll
0x00007fffef120000 - 0x00007fffef2cd000 	C:\WINDOWS\System32\USER32.dll
0x00007fffedca0000 - 0x00007fffedcc6000 	C:\WINDOWS\System32\win32u.dll
0x00007ffff0310000 - 0x00007ffff0339000 	C:\WINDOWS\System32\GDI32.dll
0x00007fffee320000 - 0x00007fffee438000 	C:\WINDOWS\System32\gdi32full.dll
0x00007fffee440000 - 0x00007fffee4dd000 	C:\WINDOWS\System32\msvcp_win.dll
0x00007fffd9c80000 - 0x00007fffd9f25000 	C:\WINDOWS\WinSxS\amd64_microsoft.windows.common-controls_6595b64144ccf1df_6.0.22000.120_none_9d947278b86cc467\COMCTL32.dll
0x00007fffef480000 - 0x00007fffef523000 	C:\WINDOWS\System32\msvcrt.dll
0x00007fffee4e0000 - 0x00007fffee512000 	C:\WINDOWS\System32\IMM32.DLL
0x00007fffda530000 - 0x00007fffda53c000 	C:\Program Files\Android\Android Studio\jbr\bin\vcruntime140_1.dll
0x00007fffda370000 - 0x00007fffda3fd000 	C:\Program Files\Android\Android Studio\jbr\bin\msvcp140.dll
0x00007fff803d0000 - 0x00007fff81053000 	C:\Program Files\Android\Android Studio\jbr\bin\server\jvm.dll
0x00007ffff0340000 - 0x00007ffff03ee000 	C:\WINDOWS\System32\ADVAPI32.dll
0x00007ffff0450000 - 0x00007ffff04ee000 	C:\WINDOWS\System32\sechost.dll
0x00007ffff04f0000 - 0x00007ffff0610000 	C:\WINDOWS\System32\RPCRT4.dll
0x00007fffed860000 - 0x00007fffed8ad000 	C:\WINDOWS\SYSTEM32\POWRPROF.dll
0x00007fffe9670000 - 0x00007fffe9679000 	C:\WINDOWS\SYSTEM32\WSOCK32.dll
0x00007fffe6060000 - 0x00007fffe6093000 	C:\WINDOWS\SYSTEM32\WINMM.dll
0x00007fffe67a0000 - 0x00007fffe67aa000 	C:\WINDOWS\SYSTEM32\VERSION.dll
0x00007fffef040000 - 0x00007fffef0af000 	C:\WINDOWS\System32\WS2_32.dll
0x00007fffed840000 - 0x00007fffed853000 	C:\WINDOWS\SYSTEM32\UMPDC.dll
0x00007fffecb70000 - 0x00007fffecb88000 	C:\WINDOWS\SYSTEM32\kernel.appcore.dll
0x00007fffe9660000 - 0x00007fffe966a000 	C:\Program Files\Android\Android Studio\jbr\bin\jimage.dll
0x00007fffeb500000 - 0x00007fffeb721000 	C:\WINDOWS\SYSTEM32\DBGHELP.DLL
0x00007fffd4970000 - 0x00007fffd49a1000 	C:\WINDOWS\SYSTEM32\dbgcore.DLL
0x00007fffee2a0000 - 0x00007fffee31f000 	C:\WINDOWS\System32\bcryptPrimitives.dll
0x00007fffda890000 - 0x00007fffda89e000 	C:\Program Files\Android\Android Studio\jbr\bin\instrument.dll
0x00007fffe8ad0000 - 0x00007fffe8af5000 	C:\Program Files\Android\Android Studio\jbr\bin\java.dll
0x00007fffe8ab0000 - 0x00007fffe8ac8000 	C:\Program Files\Android\Android Studio\jbr\bin\zip.dll
0x00007fffefb50000 - 0x00007ffff0307000 	C:\WINDOWS\System32\SHELL32.dll
0x00007fffebbe0000 - 0x00007fffec445000 	C:\WINDOWS\SYSTEM32\windows.storage.dll
0x00007fffeea80000 - 0x00007fffeedf8000 	C:\WINDOWS\System32\combase.dll
0x00007fffeba70000 - 0x00007fffebbd6000 	C:\WINDOWS\SYSTEM32\wintypes.dll
0x00007fffee990000 - 0x00007fffeea7a000 	C:\WINDOWS\System32\SHCORE.dll
0x00007fffeefe0000 - 0x00007fffef03d000 	C:\WINDOWS\System32\shlwapi.dll
0x00007fffeda60000 - 0x00007fffeda81000 	C:\WINDOWS\SYSTEM32\profapi.dll
0x00007fffe8a90000 - 0x00007fffe8aa9000 	C:\Program Files\Android\Android Studio\jbr\bin\net.dll
0x00007fffe5ed0000 - 0x00007fffe5fe4000 	C:\WINDOWS\SYSTEM32\WINHTTP.dll
0x00007fffed000000 - 0x00007fffed067000 	C:\WINDOWS\system32\mswsock.dll
0x00007fffe8a70000 - 0x00007fffe8a86000 	C:\Program Files\Android\Android Studio\jbr\bin\nio.dll
0x00007fffe93e0000 - 0x00007fffe93f0000 	C:\Program Files\Android\Android Studio\jbr\bin\verify.dll
0x00007fffda840000 - 0x00007fffda867000 	C:\Users\MINEDUCYT\.gradle\native\c067742578af261105cb4f569cf0c3c89f3d7b1fecec35dd04571415982c5e48\windows-amd64\native-platform.dll
0x00007fffd7500000 - 0x00007fffd7644000 	C:\Users\MINEDUCYT\.gradle\native\38dada09dfb8b06ba9b0570ebf7e218e3eb74d4ef43ca46872605cf95ebc2f47\windows-amd64\native-platform-file-events.dll
0x00007fffe8910000 - 0x00007fffe8919000 	C:\Program Files\Android\Android Studio\jbr\bin\management.dll
0x00007fffe8900000 - 0x00007fffe890b000 	C:\Program Files\Android\Android Studio\jbr\bin\management_ext.dll
0x00007fffeefd0000 - 0x00007fffeefd8000 	C:\WINDOWS\System32\PSAPI.DLL
0x00007fffed2e0000 - 0x00007fffed2f8000 	C:\WINDOWS\SYSTEM32\CRYPTSP.dll
0x00007fffecad0000 - 0x00007fffecb05000 	C:\WINDOWS\system32\rsaenh.dll
0x00007fffed0a0000 - 0x00007fffed0c9000 	C:\WINDOWS\SYSTEM32\USERENV.dll
0x00007fffed490000 - 0x00007fffed4b7000 	C:\WINDOWS\SYSTEM32\bcrypt.dll
0x00007fffed1f0000 - 0x00007fffed1fc000 	C:\WINDOWS\SYSTEM32\CRYPTBASE.dll
0x00007fffec6a0000 - 0x00007fffec6cd000 	C:\WINDOWS\SYSTEM32\IPHLPAPI.DLL
0x00007fffef0b0000 - 0x00007fffef0b9000 	C:\WINDOWS\System32\NSI.dll
0x00007fffe6310000 - 0x00007fffe6329000 	C:\WINDOWS\SYSTEM32\dhcpcsvc6.DLL
0x00007fffe6800000 - 0x00007fffe681e000 	C:\WINDOWS\SYSTEM32\dhcpcsvc.DLL
0x00007fffec6d0000 - 0x00007fffec7b8000 	C:\WINDOWS\SYSTEM32\DNSAPI.dll
0x00007fffe8920000 - 0x00007fffe8929000 	C:\Program Files\Android\Android Studio\jbr\bin\extnet.dll
0x00007fff9fd50000 - 0x00007fff9fd58000 	C:\WINDOWS\system32\wshunix.dll

dbghelp: loaded successfully - version: 4.0.5 - missing functions: none
symbol engine: initialized successfully - sym options: 0x614 - pdb path: .;C:\Program Files\Android\Android Studio\jbr\bin;C:\WINDOWS\SYSTEM32;C:\WINDOWS\WinSxS\amd64_microsoft.windows.common-controls_6595b64144ccf1df_6.0.22000.120_none_9d947278b86cc467;C:\Program Files\Android\Android Studio\jbr\bin\server;C:\Users\MINEDUCYT\.gradle\native\c067742578af261105cb4f569cf0c3c89f3d7b1fecec35dd04571415982c5e48\windows-amd64;C:\Users\MINEDUCYT\.gradle\native\38dada09dfb8b06ba9b0570ebf7e218e3eb74d4ef43ca46872605cf95ebc2f47\windows-amd64

VM Arguments:
jvm_args: --add-opens=java.base/java.util=ALL-UNNAMED --add-opens=java.base/java.lang=ALL-UNNAMED --add-opens=java.base/java.lang.invoke=ALL-UNNAMED --add-opens=java.prefs/java.util.prefs=ALL-UNNAMED --add-opens=java.base/java.nio.charset=ALL-UNNAMED --add-opens=java.base/java.net=ALL-UNNAMED --add-opens=java.base/java.util.concurrent.atomic=ALL-UNNAMED -Xmx2048m -Dfile.encoding=UTF-8 -Duser.country=SV -Duser.language=es -Duser.variant -javaagent:C:\Users\MINEDUCYT\.gradle\wrapper\dists\gradle-8.6-bin\afr5mpiioh2wthjmwnkmdsd5w\gradle-8.6\lib\agents\gradle-instrumentation-agent-8.6.jar 
java_command: org.gradle.launcher.daemon.bootstrap.GradleDaemon 8.6
java_class_path (initial): C:\Users\MINEDUCYT\.gradle\wrapper\dists\gradle-8.6-bin\afr5mpiioh2wthjmwnkmdsd5w\gradle-8.6\lib\gradle-launcher-8.6.jar
Launcher Type: SUN_STANDARD

[Global flags]
     intx CICompilerCount                          = 3                                         {product} {ergonomic}
     uint ConcGCThreads                            = 1                                         {product} {ergonomic}
     uint G1ConcRefinementThreads                  = 4                                         {product} {ergonomic}
   size_t G1HeapRegionSize                         = 1048576                                   {product} {ergonomic}
    uintx GCDrainStackTargetSize                   = 64                                        {product} {ergonomic}
   size_t InitialHeapSize                          = 65011712                                  {product} {ergonomic}
   size_t MarkStackSize                            = 4194304                                   {product} {ergonomic}
   size_t MaxHeapSize                              = 2147483648                                {product} {command line}
   size_t MaxNewSize                               = 1287651328                                {product} {ergonomic}
   size_t MinHeapDeltaBytes                        = 1048576                                   {product} {ergonomic}
   size_t MinHeapSize                              = 8388608                                   {product} {ergonomic}
    uintx NonNMethodCodeHeapSize                   = 5832780                                {pd product} {ergonomic}
    uintx NonProfiledCodeHeapSize                  = 122912730                              {pd product} {ergonomic}
    uintx ProfiledCodeHeapSize                     = 122912730                              {pd product} {ergonomic}
    uintx ReservedCodeCacheSize                    = 251658240                              {pd product} {ergonomic}
     bool SegmentedCodeCache                       = true                                      {product} {ergonomic}
   size_t SoftMaxHeapSize                          = 2147483648                             {manageable} {ergonomic}
     bool UseCompressedClassPointers               = true                           {product lp64_product} {ergonomic}
     bool UseCompressedOops                        = true                           {product lp64_product} {ergonomic}
     bool UseG1GC                                  = true                                      {product} {ergonomic}
     bool UseLargePagesIndividualAllocation        = false                                  {pd product} {ergonomic}

Logging:
Log output configuration:
 #0: stdout all=warning uptime,level,tags
 #1: stderr all=off uptime,level,tags

Environment Variables:
PATH=C:\WINDOWS\system32;C:\WINDOWS;C:\WINDOWS\System32\Wbem;C:\WINDOWS\System32\WindowsPowerShell\v1.0\;C:\WINDOWS\System32\OpenSSH\;C:\Program Files\dotnet\;C:\Program Files\Git\cmd;C:\Users\MINEDUCYT\AppData\Local\Microsoft\WindowsApps;
USERNAME=MINEDUCYT
OS=Windows_NT
PROCESSOR_IDENTIFIER=Intel64 Family 6 Model 156 Stepping 0, GenuineIntel
TMP=C:\Users\MINEDU~1\AppData\Local\Temp
TEMP=C:\Users\MINEDU~1\AppData\Local\Temp



Periodic native trim disabled

JNI global refs:
JNI global refs: 23, weak refs: 5

JNI global refs memory usage: 843, weak refs: 841

OOME stack traces (most recent first):
Classloader memory used:
Loader org.gradle.internal.classloader.VisitableURLClassLoader                         : 2297K
Loader bootstrap                                                                       : 2218K
Loader org.gradle.initialization.MixInLegacyTypesClassLoader                           : 447K
Loader jdk.internal.loader.ClassLoaders$PlatformClassLoader                            : 65177B
Loader jdk.internal.loader.ClassLoaders$AppClassLoader                                 : 28740B
Loader jdk.internal.reflect.DelegatingClassLoader                                      : 4320B


[error occurred during error reporting (Classloader stats), id 0xe0000001, Out of Memory Error (s\src\hotspot\share\memory\arena.cpp:79)]


---------------  S Y S T E M  ---------------

OS:
 Windows 11 , 64 bit Build 22000 (10.0.22000.1335)
OS uptime: 0 days 10:59 hours
Hyper-V role detected

CPU: total 4 (initial active 4) (4 cores per cpu, 1 threads per core) family 6 model 156 stepping 0 microcode 0x24000026, cx8, cmov, fxsr, mmx, 3dnowpref, sse, sse2, sse3, ssse3, sse4.1, sse4.2, popcnt, tsc, tscinvbit, aes, erms, clmul, sha, clflush, clflushopt, clwb, hv
Processor Information for all 4 processors :
  Max Mhz: 1114, Current Mhz: 1114, Mhz Limit: 1114

Memory: 4k page, system-wide physical 3911M (239M free)
TotalPageFile size 15687M (AvailPageFile size 2M)
current process WorkingSet (physical memory assigned to process): 128M, peak: 128M
current process commit charge ("private bytes"): 208M, peak: 210M

vm_info: OpenJDK 64-Bit Server VM (17.0.10+0--11572160) for windows-amd64 JRE (17.0.10+0--11572160), built on Mar 13 2024 23:56:38 by "androidbuild" with MS VC++ 16.10 / 16.11 (VS2019)

END.
